<?xml version="1.0" encoding="UTF-8"?>
<testng-results skipped="0" failed="0" ignored="0" total="1" passed="1">
  <reporter-output>
  </reporter-output>
  <suite name="Default suite" duration-ms="4792" started-at="2018-09-17T17:14:25Z" finished-at="2018-09-17T17:14:30Z">
    <groups>
    </groups>
    <test name="Default test" duration-ms="4792" started-at="2018-09-17T17:14:25Z" finished-at="2018-09-17T17:14:30Z">
      <class name="com.cybertek.automation_project.Links">
        <test-method status="PASS" signature="setUp()[pri:0, instance:com.cybertek.automation_project.Links@4883b407]" name="setUp" is-config="true" duration-ms="3899" started-at="2018-09-17T17:14:25Z" finished-at="2018-09-17T17:14:29Z">
          <reporter-output>
          </reporter-output>
        </test-method> <!-- setUp -->
        <test-method status="PASS" signature="links()[pri:0, instance:com.cybertek.automation_project.Links@4883b407]" name="links" duration-ms="857" started-at="2018-09-17T17:14:29Z" finished-at="2018-09-17T17:14:30Z">
          <reporter-output>
          </reporter-output>
        </test-method> <!-- links -->
        <test-method status="PASS" signature="tearDown()[pri:0, instance:com.cybertek.automation_project.Links@4883b407]" name="tearDown" is-config="true" duration-ms="0" started-at="2018-09-17T17:14:30Z" finished-at="2018-09-17T17:14:30Z">
          <reporter-output>
          </reporter-output>
        </test-method> <!-- tearDown -->
      </class> <!-- com.cybertek.automation_project.Links -->
    </test> <!-- Default test -->
  </suite> <!-- Default suite -->
</testng-results>
